{"/Users/lovevonmelenekman/dev/sonata/frontend/script.js":{"path":"/Users/lovevonmelenekman/dev/sonata/frontend/script.js","s":{"1":1,"2":1,"3":1,"4":1,"5":1,"6":1,"7":2,"8":1,"9":3,"10":3,"11":1,"12":2,"13":1,"14":3,"15":3,"16":1,"17":2,"18":1,"19":5,"20":1,"21":14,"22":1,"23":1,"24":1,"25":1,"26":1,"27":1,"28":1,"29":1,"30":1},"b":{"1":[1,2],"2":[1,2],"3":[1,0],"4":[1,1]},"f":{"1":2,"2":3,"3":3,"4":5,"5":14,"6":1,"7":1,"8":1},"fnMap":{"1":{"name":"currentCount","line":8,"loc":{"start":{"line":8,"column":0},"end":{"line":8,"column":24}}},"2":{"name":"increment","line":12,"loc":{"start":{"line":12,"column":0},"end":{"line":12,"column":27}}},"3":{"name":"decrement","line":23,"loc":{"start":{"line":23,"column":0},"end":{"line":23,"column":27}}},"4":{"name":"resetFunc","line":34,"loc":{"start":{"line":34,"column":0},"end":{"line":34,"column":21}}},"5":{"name":"updateDom","line":38,"loc":{"start":{"line":38,"column":0},"end":{"line":38,"column":31}}},"6":{"name":"(anonymous_6)","line":44,"loc":{"start":{"line":44,"column":30},"end":{"line":44,"column":41}}},"7":{"name":"(anonymous_7)","line":48,"loc":{"start":{"line":48,"column":30},"end":{"line":48,"column":41}}},"8":{"name":"(anonymous_8)","line":52,"loc":{"start":{"line":52,"column":32},"end":{"line":52,"column":43}}}},"statementMap":{"1":{"start":{"line":2,"column":0},"end":{"line":2,"column":43}},"2":{"start":{"line":3,"column":0},"end":{"line":3,"column":43}},"3":{"start":{"line":4,"column":0},"end":{"line":4,"column":47}},"4":{"start":{"line":5,"column":0},"end":{"line":5,"column":47}},"5":{"start":{"line":6,"column":0},"end":{"line":6,"column":47}},"6":{"start":{"line":8,"column":0},"end":{"line":10,"column":1}},"7":{"start":{"line":9,"column":4},"end":{"line":9,"column":56}},"8":{"start":{"line":12,"column":0},"end":{"line":21,"column":1}},"9":{"start":{"line":13,"column":4},"end":{"line":13,"column":28}},"10":{"start":{"line":14,"column":4},"end":{"line":19,"column":5}},"11":{"start":{"line":15,"column":8},"end":{"line":18,"column":10}},"12":{"start":{"line":20,"column":4},"end":{"line":20,"column":22}},"13":{"start":{"line":23,"column":0},"end":{"line":32,"column":1}},"14":{"start":{"line":24,"column":4},"end":{"line":24,"column":28}},"15":{"start":{"line":25,"column":4},"end":{"line":30,"column":5}},"16":{"start":{"line":26,"column":8},"end":{"line":29,"column":10}},"17":{"start":{"line":31,"column":4},"end":{"line":31,"column":22}},"18":{"start":{"line":34,"column":0},"end":{"line":36,"column":1}},"19":{"start":{"line":35,"column":4},"end":{"line":35,"column":13}},"20":{"start":{"line":38,"column":0},"end":{"line":40,"column":1}},"21":{"start":{"line":39,"column":4},"end":{"line":39,"column":28}},"22":{"start":{"line":44,"column":0},"end":{"line":46,"column":3}},"23":{"start":{"line":45,"column":4},"end":{"line":45,"column":48}},"24":{"start":{"line":48,"column":0},"end":{"line":50,"column":3}},"25":{"start":{"line":49,"column":4},"end":{"line":49,"column":48}},"26":{"start":{"line":52,"column":0},"end":{"line":54,"column":3}},"27":{"start":{"line":53,"column":4},"end":{"line":53,"column":34}},"28":{"start":{"line":56,"column":0},"end":{"line":56,"column":20}},"29":{"start":{"line":59,"column":0},"end":{"line":67,"column":1},"skip":true},"30":{"start":{"line":60,"column":4},"end":{"line":66,"column":6},"skip":true}},"branchMap":{"1":{"line":14,"type":"if","locations":[{"start":{"line":14,"column":4},"end":{"line":14,"column":4}},{"start":{"line":14,"column":4},"end":{"line":14,"column":4}}]},"2":{"line":25,"type":"if","locations":[{"start":{"line":25,"column":4},"end":{"line":25,"column":4}},{"start":{"line":25,"column":4},"end":{"line":25,"column":4}}]},"3":{"line":59,"type":"if","locations":[{"start":{"line":59,"column":0},"end":{"line":59,"column":0},"skip":true},{"start":{"line":59,"column":0},"end":{"line":59,"column":0},"skip":true}]},"4":{"line":59,"type":"binary-expr","locations":[{"start":{"line":59,"column":4},"end":{"line":59,"column":33},"skip":true},{"start":{"line":59,"column":37},"end":{"line":59,"column":51},"skip":true}]}}}}