{"/Users/lovevonmelenekman/dev/sonata/src/change-calculator.js":{"path":"/Users/lovevonmelenekman/dev/sonata/src/change-calculator.js","s":{"1":1,"2":5,"3":5,"4":5,"5":5,"6":60,"7":22,"8":22,"9":22,"10":5},"b":{"1":[22,38]},"f":{"1":5,"2":60},"fnMap":{"1":{"name":"calculateChange","line":1,"loc":{"start":{"line":1,"column":17},"end":{"line":1,"column":66}}},"2":{"name":"(anonymous_2)","line":9,"loc":{"start":{"line":9,"column":18},"end":{"line":9,"column":33}}}},"statementMap":{"1":{"start":{"line":1,"column":0},"end":{"line":21,"column":2}},"2":{"start":{"line":3,"column":4},"end":{"line":3,"column":73}},"3":{"start":{"line":5,"column":4},"end":{"line":5,"column":20}},"4":{"start":{"line":7,"column":4},"end":{"line":7,"column":44}},"5":{"start":{"line":9,"column":4},"end":{"line":18,"column":7}},"6":{"start":{"line":11,"column":8},"end":{"line":16,"column":9}},"7":{"start":{"line":12,"column":12},"end":{"line":12,"column":53}},"8":{"start":{"line":14,"column":12},"end":{"line":14,"column":62}},"9":{"start":{"line":15,"column":12},"end":{"line":15,"column":51}},"10":{"start":{"line":19,"column":4},"end":{"line":19,"column":18}}},"branchMap":{"1":{"line":11,"type":"if","locations":[{"start":{"line":11,"column":8},"end":{"line":11,"column":8}},{"start":{"line":11,"column":8},"end":{"line":11,"column":8}}]}}}}