TN:
SF:/Users/lovevonmelenekman/dev/sonata/frontend/script.js
FN:8,currentCount
FN:12,increment
FN:23,decrement
FN:34,resetFunc
FN:38,updateDom
FN:44,(anonymous_6)
FN:48,(anonymous_7)
FN:52,(anonymous_8)
FNF:8
FNH:8
FNDA:2,currentCount
FNDA:3,increment
FNDA:3,decrement
FNDA:5,resetFunc
FNDA:14,updateDom
FNDA:1,(anonymous_6)
FNDA:1,(anonymous_7)
FNDA:1,(anonymous_8)
DA:2,1
DA:3,1
DA:4,1
DA:5,1
DA:6,1
DA:8,1
DA:9,2
DA:12,1
DA:13,3
DA:14,3
DA:15,1
DA:20,2
DA:23,1
DA:24,3
DA:25,3
DA:26,1
DA:31,2
DA:34,1
DA:35,5
DA:38,1
DA:39,14
DA:44,1
DA:45,1
DA:48,1
DA:49,1
DA:52,1
DA:53,1
DA:56,1
DA:59,1
DA:60,1
LF:30
LH:30
BRDA:14,1,0,1
BRDA:14,1,1,2
BRDA:25,2,0,1
BRDA:25,2,1,2
BRDA:59,3,0,1
BRDA:59,3,1,0
BRDA:59,4,0,1
BRDA:59,4,1,1
BRF:8
BRH:8
end_of_record
